<?xml version="1.0" encoding="UTF-8"?>
<testsuite xmlns:xsi="http://www.w3.org/2001/XMLSchema-instance" xsi:noNamespaceSchemaLocation="https://maven.apache.org/surefire/maven-surefire-plugin/xsd/surefire-test-report-3.0.xsd" version="3.0" name="com.jvplatformer.EntityBoundsTest" time="0.03" tests="6" errors="0" skipped="0" failures="0">
  <properties>
[...]
</properties>
  <testcase name="getBounds_reflectsCurrentPosition" classname="com.jvplatformer.EntityBoundsTest" time="0.001"/>
  <testcase name="getBounds_updatesAfterMove" classname="com.jvplatformer.EntityBoundsTest" time="0.002"/>
  <testcase name="getBounds_returnsSameObjectEachCall" classname="com.jvplatformer.EntityBoundsTest" time="0.002"/>
  <testcase name="platform_bounds_matchConstructorArgs" classname="com.jvplatformer.EntityBoundsTest" time="0.002"/>
  <testcase name="twoEntities_doNotShareBoundsObject" classname="com.jvplatformer.EntityBoundsTest" time="0.003"/>
  <testcase name="getBounds_dimensionsMatchConstructor" classname="com.jvplatformer.EntityBoundsTest" time="0.002"/>
</testsuite>